Removed Pin From Net: NetName=GND Pin=aux1-2
Removed Pin From Net: NetName=GND Pin=aux2-2
Removed Pin From Net: NetName=GND Pin=C2-1
Removed Pin From Net: NetName=GND Pin=C3-1
Removed Pin From Net: NetName=GND Pin=C4-1
Removed Pin From Net: NetName=GND Pin=J2-1
Removed Pin From Net: NetName=GND Pin=Q2-2
Removed Pin From Net: NetName=3.3V Pin=U2-8
Removed Pin From Net: NetName=GND Pin=U2-9
Added Component: Designator=C5(RAD-0.3)
Added Component: Designator=J(1760490000)
Added Component: Designator=R5(AXIAL-0.3)
Added Pin To Net: NetName=48V Pin=C5-2
Added Pin To Net: NetName=NetQ1_2 Pin=J-1
Added Pin To Net: NetName=NetQ1_2 Pin=R5-2
Change Net Name : Old Net Name=NetQ1_2 New Net Name=NetJ_1
Added Pin To Net: NetName=GND1 Pin=aux1-2
Added Pin To Net: NetName=GND1 Pin=C4-1
Added Net: Name=GND1
Added Pin To Net: NetName=GND2 Pin=aux2-2
Added Pin To Net: NetName=GND2 Pin=C2-1
Added Pin To Net: NetName=GND2 Pin=C3-1
Added Pin To Net: NetName=GND2 Pin=C5-1
Added Pin To Net: NetName=GND2 Pin=J2-1
Added Pin To Net: NetName=GND2 Pin=J-2
Added Pin To Net: NetName=GND2 Pin=Q2-2
Added Pin To Net: NetName=GND2 Pin=R5-1
Added Pin To Net: NetName=GND2 Pin=U2-9
Added Net: Name=GND2
Added Member To Class: ClassName=sematik_mos Member=Component C5 Cap
Added Member To Class: ClassName=sematik_mos Member=Component J 1760510000
Added Member To Class: ClassName=sematik_mos Member=Component R5 Res1
Added Room: Name=sematik_mos
